# JRE version: OpenJDK Runtime Environment Temurin-17.0.4.1+1 (17.0.4.1+1) (build 17.0.4.1+1)
# Java VM: OpenJDK 64-Bit Server VM Temurin-17.0.4.1+1 (17.0.4.1+1, mixed mode, sharing, tiered, compressed oops, compressed class ptrs, g1 gc, windows-amd64)
GC Precious Log:
 CPUs: 16 total, 16 available
 Memory: 7579M
 Large Page Support: Disabled
 NUMA Support: Disabled
 Compressed Oops: Enabled (32-bit)
 Heap Region Size: 1M
 Heap Min Capacity: 8M
 Heap Initial Capacity: 120M
 Heap Max Capacity: 2G
 Pre-touch: Disabled
 Parallel Workers: 13
 Concurrent Workers: 3
 Concurrent Refinement Workers: 13
 Periodic GC: Disabled
Heap:
 garbage-first heap   total 307200K, used 102050K [0x0000000080000000, 0x0000000100000000)
  region size 1024K, 48 young (49152K), 9 survivors (9216K)
 Metaspace       used 41946K, committed 42560K, reserved 462848K
  class space    used 5621K, committed 5888K, reserved 421888K
GC Heap History (20 events):
Event: 21.208 GC heap before
{Heap before GC invocations=28 (full 0):
 garbage-first heap   total 177152K, used 151581K [0x0000000080000000, 0x0000000100000000)
  region size 1024K, 99 young (101376K), 6 survivors (6144K)
 Metaspace       used 41912K, committed 42496K, reserved 462848K
  class space    used 5621K, committed 5888K, reserved 421888K
}
Event: 21.213 GC heap after
{Heap after GC invocations=29 (full 0):
 garbage-first heap   total 212992K, used 56571K [0x0000000080000000, 0x0000000100000000)
  region size 1024K, 6 young (6144K), 6 survivors (6144K)
 Metaspace       used 41912K, committed 42496K, reserved 462848K
  class space    used 5621K, committed 5888K, reserved 421888K
}
Event: 21.436 GC heap before
{Heap before GC invocations=29 (full 0):
 garbage-first heap   total 212992K, used 177403K [0x0000000080000000, 0x0000000100000000)
  region size 1024K, 124 young (126976K), 6 survivors (6144K)
 Metaspace       used 41915K, committed 42496K, reserved 462848K
  class space    used 5621K, committed 5888K, reserved 421888K
}
Event: 21.440 GC heap after
{Heap after GC invocations=30 (full 0):
 garbage-first heap   total 212992K, used 57325K [0x0000000080000000, 0x0000000100000000)
  region size 1024K, 7 young (7168K), 7 survivors (7168K)
 Metaspace       used 41915K, committed 42496K, reserved 462848K
  class space    used 5621K, committed 5888K, reserved 421888K
}
Event: 21.654 GC heap before
{Heap before GC invocations=30 (full 0):
 garbage-first heap   total 212992K, used 177133K [0x0000000080000000, 0x0000000100000000)
  region size 1024K, 124 young (126976K), 7 survivors (7168K)
 Metaspace       used 41915K, committed 42496K, reserved 462848K
  class space    used 5621K, committed 5888K, reserved 421888K
}
Event: 21.659 GC heap after
{Heap after GC invocations=31 (full 0):
 garbage-first heap   total 212992K, used 58164K [0x0000000080000000, 0x0000000100000000)
  region size 1024K, 8 young (8192K), 8 survivors (8192K)
 Metaspace       used 41915K, committed 42496K, reserved 462848K
  class space    used 5621K, committed 5888K, reserved 421888K
}
Event: 21.840 GC heap before
{Heap before GC invocations=31 (full 0):
 garbage-first heap   total 212992K, used 176948K [0x0000000080000000, 0x0000000100000000)
  region size 1024K, 124 young (126976K), 8 survivors (8192K)
 Metaspace       used 41922K, committed 42496K, reserved 462848K
  class space    used 5621K, committed 5888K, reserved 421888K
}
Event: 21.846 GC heap after
{Heap after GC invocations=32 (full 0):
 garbage-first heap   total 212992K, used 58620K [0x0000000080000000, 0x0000000100000000)
  region size 1024K, 6 young (6144K), 6 survivors (6144K)
 Metaspace       used 41922K, committed 42496K, reserved 462848K
  class space    used 5621K, committed 5888K, reserved 421888K
}
Event: 22.045 GC heap before
{Heap before GC invocations=32 (full 0):
 garbage-first heap   total 212992K, used 179452K [0x0000000080000000, 0x0000000100000000)
  region size 1024K, 124 young (126976K), 6 survivors (6144K)
 Metaspace       used 41926K, committed 42496K, reserved 462848K
  class space    used 5621K, committed 5888K, reserved 421888K
}
Event: 22.050 GC heap after
{Heap after GC invocations=33 (full 0):
 garbage-first heap   total 256000K, used 59288K [0x0000000080000000, 0x0000000100000000)
  region size 1024K, 7 young (7168K), 7 survivors (7168K)
 Metaspace       used 41926K, committed 42496K, reserved 462848K
  class space    used 5621K, committed 5888K, reserved 421888K
}
Event: 22.299 GC heap before
{Heap before GC invocations=33 (full 0):
 garbage-first heap   total 256000K, used 205720K [0x0000000080000000, 0x0000000100000000)
  region size 1024K, 150 young (153600K), 7 survivors (7168K)
 Metaspace       used 41935K, committed 42496K, reserved 462848K
  class space    used 5621K, committed 5888K, reserved 421888K
}
Event: 22.304 GC heap after
{Heap after GC invocations=34 (full 0):
 garbage-first heap   total 256000K, used 60242K [0x0000000080000000, 0x0000000100000000)
  region size 1024K, 7 young (7168K), 7 survivors (7168K)
 Metaspace       used 41935K, committed 42496K, reserved 462848K
  class space    used 5621K, committed 5888K, reserved 421888K
}
Event: 22.592 GC heap before
{Heap before GC invocations=34 (full 0):
 garbage-first heap   total 256000K, used 206674K [0x0000000080000000, 0x0000000100000000)
  region size 1024K, 150 young (153600K), 7 survivors (7168K)
 Metaspace       used 41939K, committed 42496K, reserved 462848K
  class space    used 5621K, committed 5888K, reserved 421888K
}
Event: 22.597 GC heap after
{Heap after GC invocations=35 (full 0):
 garbage-first heap   total 256000K, used 61086K [0x0000000080000000, 0x0000000100000000)
  region size 1024K, 8 young (8192K), 8 survivors (8192K)
 Metaspace       used 41939K, committed 42496K, reserved 462848K
  class space    used 5621K, committed 5888K, reserved 421888K
}
Event: 22.815 GC heap before
{Heap before GC invocations=35 (full 0):
 garbage-first heap   total 256000K, used 206494K [0x0000000080000000, 0x0000000100000000)
  region size 1024K, 150 young (153600K), 8 survivors (8192K)
 Metaspace       used 41942K, committed 42560K, reserved 462848K
  class space    used 5621K, committed 5888K, reserved 421888K
}
Event: 22.819 GC heap after
{Heap after GC invocations=36 (full 0):
 garbage-first heap   total 256000K, used 61759K [0x0000000080000000, 0x0000000100000000)
  region size 1024K, 8 young (8192K), 8 survivors (8192K)
 Metaspace       used 41942K, committed 42560K, reserved 462848K
  class space    used 5621K, committed 5888K, reserved 421888K
}
Event: 23.012 GC heap before
{Heap before GC invocations=36 (full 0):
 garbage-first heap   total 256000K, used 207167K [0x0000000080000000, 0x0000000100000000)
  region size 1024K, 150 young (153600K), 8 survivors (8192K)
 Metaspace       used 41943K, committed 42560K, reserved 462848K
  class space    used 5621K, committed 5888K, reserved 421888K
}
Event: 23.018 GC heap after
{Heap after GC invocations=37 (full 0):
 garbage-first heap   total 256000K, used 62290K [0x0000000080000000, 0x0000000100000000)
  region size 1024K, 9 young (9216K), 9 survivors (9216K)
 Metaspace       used 41943K, committed 42560K, reserved 462848K
  class space    used 5621K, committed 5888K, reserved 421888K
}
Event: 23.321 GC heap before
{Heap before GC invocations=37 (full 0):
 garbage-first heap   total 256000K, used 206674K [0x0000000080000000, 0x0000000100000000)
  region size 1024K, 150 young (153600K), 9 survivors (9216K)
 Metaspace       used 41946K, committed 42560K, reserved 462848K
  class space    used 5621K, committed 5888K, reserved 421888K
}
Event: 23.328 GC heap after
{Heap after GC invocations=38 (full 0):
 garbage-first heap   total 307200K, used 63138K [0x0000000080000000, 0x0000000100000000)
  region size 1024K, 9 young (9216K), 9 survivors (9216K)
 Metaspace       used 41946K, committed 42560K, reserved 462848K
  class space    used 5621K, committed 5888K, reserved 421888K
}

